* using log directory ‘/Users/Dan/Documents/Rpackages/git/qicpack/QICpack.Rcheck’
* using R version 2.15.2 (2012-10-26)
* using platform: i386-apple-darwin9.8.0 (32-bit)
* using session charset: UTF-8
* checking for file ‘QICpack/DESCRIPTION’ ... OK
* checking extension type ... Package
* this is package ‘QICpack’ version ‘0.9’
* checking package namespace information ... OK
* checking package dependencies ... OK
* checking if this is a source package ... OK
* checking if there is a namespace ... OK
* checking for executable files ... OK
* checking whether package ‘QICpack’ can be installed ... WARNING
Found the following significant warnings:
  Warning: /Users/Dan/Documents/Rpackages/git/qicpack/QICpack.Rcheck/00_pkg_src/QICpack/man/qictab.Rd:76: unexpected section header '\keyword'
See ‘/Users/Dan/Documents/Rpackages/git/qicpack/QICpack.Rcheck/00install.out’ for details.
* checking installed package size ... OK
* checking package directory ... OK
* checking for portable file names ... OK
* checking for sufficient/correct file permissions ... OK
* checking DESCRIPTION meta-information ... OK
* checking top-level files ... OK
* checking for left-over files ... OK
* checking index information ... OK
* checking package subdirectories ... OK
* checking R files for non-ASCII characters ... OK
* checking R files for syntax errors ... OK
* checking whether the package can be loaded ... OK
* checking whether the package can be loaded with stated dependencies ... OK
* checking whether the package can be unloaded cleanly ... OK
* checking whether the namespace can be loaded with stated dependencies ... OK
* checking whether the namespace can be unloaded cleanly ... OK
* checking for unstated dependencies in R code ... OK
* checking S3 generic/method consistency ... OK
* checking replacement functions ... OK
* checking foreign function calls ... OK
* checking R code for possible problems ... OK
* checking Rd files ... WARNING
prepare_Rd: QICpack-package.Rd:42-44: Dropping empty section \examples
prepare_Rd: dietox.Rd:23-25: Dropping empty section \details
prepare_Rd: dietox.Rd:26-28: Dropping empty section \source
prepare_Rd: dietox.Rd:29-31: Dropping empty section \references
prepare_Rd: qic.Rd:19-21: Dropping empty section \details
prepare_Rd: qic.Rd:38-40: Dropping empty section \note
prepare_Rd: qic.Rd:42-44: Dropping empty section \seealso
prepare_Rd: qictab.Rd:76: unexpected section header '\keyword'
prepare_Rd: qictab.Rd:25-27: Dropping empty section \details
prepare_Rd: qictab.Rd:45-47: Dropping empty section \note
prepare_Rd: qictab.Rd:50-52: Dropping empty section \seealso
* checking Rd metadata ... OK
* checking Rd cross-references ... WARNING
Unknown package(s) ‘<pkg>’ in Rd xrefs
* checking for missing documentation entries ... OK
* checking for code/documentation mismatches ... OK
* checking Rd \usage sections ... OK
* checking Rd contents ... OK
* checking for unstated dependencies in examples ... OK
* checking contents of ‘data’ directory ... OK
* checking data for non-ASCII characters ... OK
* checking data for ASCII and uncompressed saves ... OK
* checking examples ... OK
* checking PDF version of manual ... OK
WARNING: There were 3 warnings.
See
  ‘/Users/Dan/Documents/Rpackages/git/qicpack/QICpack.Rcheck/00check.log’
for details.
