* using log directory ‘/Users/Dan/Documents/Rpackages/git/qicpack/QICcode.Rcheck’
* using R version 2.15.2 (2012-10-26)
* using platform: i386-apple-darwin9.8.0 (32-bit)
* using session charset: UTF-8
* checking for file ‘QICcode/DESCRIPTION’ ... OK
* checking extension type ... Package
* this is package ‘QICpack’ version ‘0.9’
* checking package namespace information ... OK
* checking package dependencies ... OK
* checking if this is a source package ... OK
* checking if there is a namespace ... OK
* checking for executable files ... OK
* checking whether package ‘QICpack’ can be installed ... OK
* checking installed package size ... OK
* checking package directory ... OK
* checking for portable file names ... OK
* checking for sufficient/correct file permissions ... OK
* checking DESCRIPTION meta-information ... OK
* checking top-level files ... OK
* checking for left-over files ... OK
* checking index information ... OK
* checking package subdirectories ... OK
* checking R files for non-ASCII characters ... OK
* checking R files for syntax errors ... OK
* checking whether the package can be loaded ... OK
* checking whether the package can be loaded with stated dependencies ... OK
* checking whether the package can be unloaded cleanly ... OK
* checking whether the namespace can be loaded with stated dependencies ... OK
* checking whether the namespace can be unloaded cleanly ... OK
* checking loading without being on the library search path ... OK
* checking for unstated dependencies in R code ... OK
* checking S3 generic/method consistency ... OK
* checking replacement functions ... OK
* checking foreign function calls ... OK
* checking R code for possible problems ... OK
* checking Rd files ... NOTE
prepare_Rd: QICpack-package.Rd:35-37: Dropping empty section \examples
prepare_Rd: dietox.Rd:23-25: Dropping empty section \details
prepare_Rd: dietox.Rd:26-28: Dropping empty section \source
prepare_Rd: dietox.Rd:32-34: Dropping empty section \examples
prepare_Rd: qic.Rd:19-21: Dropping empty section \details
prepare_Rd: qic.Rd:36-38: Dropping empty section \note
prepare_Rd: qic.Rd:40-42: Dropping empty section \seealso
prepare_Rd: qictab.Rd:25-27: Dropping empty section \details
prepare_Rd: qictab.Rd:45-47: Dropping empty section \note
prepare_Rd: qictab.Rd:50-52: Dropping empty section \seealso
* checking Rd metadata ... OK
* checking Rd cross-references ... OK
* checking for missing documentation entries ... OK
* checking for code/documentation mismatches ... OK
* checking Rd \usage sections ... OK
* checking Rd contents ... OK
* checking for unstated dependencies in examples ... OK
* checking contents of ‘data’ directory ... OK
* checking data for non-ASCII characters ... OK
* checking data for ASCII and uncompressed saves ... OK
* checking examples ... OK
* checking PDF version of manual ... WARNING
LaTeX errors when creating PDF version.
This typically indicates Rd problems.
* checking PDF version of manual without hyperrefs or index ... ERROR
Re-running with no redirection of stdout/stderr.
